C:\Users\koosh\Dino\src\Tools\PackCompiler\DINOForge.Tools.PackCompiler.csproj : warning NU1601: Dependency specified was Microsoft.NET.Test.Sdk (>= 17.8.2) but ended up with Microsoft.NET.Test.Sdk 17.9.0.
C:\Users\koosh\Dino\src\Tools\PackCompiler\DINOForge.Tools.PackCompiler.csproj : warning NU1601: Dependency specified was Microsoft.NET.Test.Sdk (>= 17.8.2) but ended up with Microsoft.NET.Test.Sdk 17.9.0.
C:\Users\koosh\Dino\src\Tools\PackCompiler\Program.cs(24,32): warning CS8892: Method 'Program.Main(string[])' will not be used as an entry point because a synchronous entry point 'AutoGeneratedProgram.Main(string[])' was found. [C:\Users\koosh\Dino\src\Tools\PackCompiler\DINOForge.Tools.PackCompiler.csproj]
C:\Users\koosh\Dino\src\Tools\PackCompiler\Services\PrefabGenerationService.cs(99,69): warning CS8604: Possible null reference argument for parameter 'mesh' in 'long PrefabGenerationService.GenerateMeshFileID(MeshData mesh)'. [C:\Users\koosh\Dino\src\Tools\PackCompiler\DINOForge.Tools.PackCompiler.csproj]
C:\Users\koosh\Dino\src\Tools\PackCompiler\Services\PrefabGenerationService.cs(219,47): warning CS8602: Dereference of a possibly null reference. [C:\Users\koosh\Dino\src\Tools\PackCompiler\DINOForge.Tools.PackCompiler.csproj]
C:\Users\koosh\Dino\src\Tools\PackCompiler\Services\PrefabGenerationService.cs(220,47): warning CS8602: Dereference of a possibly null reference. [C:\Users\koosh\Dino\src\Tools\PackCompiler\DINOForge.Tools.PackCompiler.csproj]
C:\Users\koosh\Dino\src\Tools\PackCompiler\Services\AssetValidationService.cs(154,28): warning CS8602: Dereference of a possibly null reference. [C:\Users\koosh\Dino\src\Tools\PackCompiler\DINOForge.Tools.PackCompiler.csproj]
C:\Users\koosh\Dino\src\Tools\PackCompiler\Services\AssetValidationService.cs(155,28): warning CS8602: Dereference of a possibly null reference. [C:\Users\koosh\Dino\src\Tools\PackCompiler\DINOForge.Tools.PackCompiler.csproj]
C:\Users\koosh\Dino\src\Tools\PackCompiler\Services\AssetValidationService.cs(156,28): warning CS8602: Dereference of a possibly null reference. [C:\Users\koosh\Dino\src\Tools\PackCompiler\DINOForge.Tools.PackCompiler.csproj]
C:\Users\koosh\Dino\src\Tools\PackCompiler\Models\AssetConfig.cs(14,16): warning CS1591: Missing XML comment for publicly visible type or member 'AssetPipelineConfig.AssetPipelineConfig()' [C:\Users\koosh\Dino\src\Tools\PackCompiler\DINOForge.Tools.PackCompiler.csproj]
C:\Users\koosh\Dino\src\Tools\PackCompiler\Models\AssetConfig.cs(16,32): warning CS1591: Missing XML comment for publicly visible type or member 'AssetPipelineConfig.Version' [C:\Users\koosh\Dino\src\Tools\PackCompiler\DINOForge.Tools.PackCompiler.csproj]
C:\Users\koosh\Dino\src\Tools\PackCompiler\Models\AssetConfig.cs(17,32): warning CS1591: Missing XML comment for publicly visible type or member 'AssetPipelineConfig.PackId' [C:\Users\koosh\Dino\src\Tools\PackCompiler\DINOForge.Tools.PackCompiler.csproj]
C:\Users\koosh\Dino\src\Tools\PackCompiler\Models\AssetConfig.cs(18,32): warning CS1591: Missing XML comment for publicly visible type or member 'AssetPipelineConfig.TargetUnityVersion' [C:\Users\koosh\Dino\src\Tools\PackCompiler\DINOForge.Tools.PackCompiler.csproj]
C:\Users\koosh\Dino\src\Tools\PackCompiler\Models\AssetConfig.cs(20,39): warning CS1591: Missing XML comment for publicly visible type or member 'AssetPipelineConfig.AssetSettings' [C:\Users\koosh\Dino\src\Tools\PackCompiler\DINOForge.Tools.PackCompiler.csproj]
C:\Users\koosh\Dino\src\Tools\PackCompiler\Models\AssetConfig.cs(21,64): warning CS1591: Missing XML comment for publicly visible type or member 'AssetPipelineConfig.Materials' [C:\Users\koosh\Dino\src\Tools\PackCompiler\DINOForge.Tools.PackCompiler.csproj]
C:\Users\koosh\Dino\src\Tools\PackCompiler\Models\AssetConfig.cs(22,56): warning CS1591: Missing XML comment for publicly visible type or member 'AssetPipelineConfig.Phases' [C:\Users\koosh\Dino\src\Tools\PackCompiler\DINOForge.Tools.PackCompiler.csproj]
C:\Users\koosh\Dino\src\Tools\PackCompiler\Models\AssetConfig.cs(23,37): warning CS1591: Missing XML comment for publicly visible type or member 'AssetPipelineConfig.Build' [C:\Users\koosh\Dino\src\Tools\PackCompiler\DINOForge.Tools.PackCompiler.csproj]
C:\Users\koosh\Dino\src\Tools\PackCompiler\Models\AssetConfig.cs(29,32): warning CS1591: Missing XML comment for publicly visible type or member 'AssetSettings.BasePath' [C:\Users\koosh\Dino\src\Tools\PackCompiler\DINOForge.Tools.PackCompiler.csproj]
C:\Users\koosh\Dino\src\Tools\PackCompiler\Models\AssetConfig.cs(30,32): warning CS1591: Missing XML comment for publicly visible type or member 'AssetSettings.OutputPath' [C:\Users\koosh\Dino\src\Tools\PackCompiler\DINOForge.Tools.PackCompiler.csproj]
C:\Users\koosh\Dino\src\Tools\PackCompiler\Models\AssetConfig.cs(31,23): warning CS1591: Missing XML comment for publicly visible type or member 'AssetSettings.MaterialsPath' [C:\Users\koosh\Dino\src\Tools\PackCompiler\DINOForge.Tools.PackCompiler.csproj]
C:\Users\koosh\Dino\src\Tools\PackCompiler\Models\AssetConfig.cs(32,23): warning CS1591: Missing XML comment for publicly visible type or member 'AssetSettings.TextureQuality' [C:\Users\koosh\Dino\src\Tools\PackCompiler\DINOForge.Tools.PackCompiler.csproj]
C:\Users\koosh\Dino\src\Tools\PackCompiler\Models\AssetConfig.cs(33,23): warning CS1591: Missing XML comment for publicly visible type or member 'AssetSettings.LODStrategy' [C:\Users\koosh\Dino\src\Tools\PackCompiler\DINOForge.Tools.PackCompiler.csproj]
C:\Users\koosh\Dino\src\Tools\PackCompiler\Models\AssetConfig.cs(48,32): warning CS1591: Missing XML comment for publicly visible type or member 'MaterialDefinition.Faction' [C:\Users\koosh\Dino\src\Tools\PackCompiler\DINOForge.Tools.PackCompiler.csproj]
C:\Users\koosh\Dino\src\Tools\PackCompiler\Models\AssetConfig.cs(49,32): warning CS1591: Missing XML comment for publicly visible type or member 'MaterialDefinition.BaseColor' [C:\Users\koosh\Dino\src\Tools\PackCompiler\DINOForge.Tools.PackCompiler.csproj]
C:\Users\koosh\Dino\src\Tools\PackCompiler\Models\AssetConfig.cs(50,32): warning CS1591: Missing XML comment for publicly visible type or member 'MaterialDefinition.EmissionColor' [C:\Users\koosh\Dino\src\Tools\PackCompiler\DINOForge.Tools.PackCompiler.csproj]
C:\Users\koosh\Dino\src\Tools\PackCompiler\Models\AssetConfig.cs(51,31): warning CS1591: Missing XML comment for publicly visible type or member 'MaterialDefinition.EmissionIntensity' [C:\Users\koosh\Dino\src\Tools\PackCompiler\DINOForge.Tools.PackCompiler.csproj]
C:\Users\koosh\Dino\src\Tools\PackCompiler\Models\AssetConfig.cs(52,22): warning CS1591: Missing XML comment for publicly visible type or member 'MaterialDefinition.Roughness' [C:\Users\koosh\Dino\src\Tools\PackCompiler\DINOForge.Tools.PackCompiler.csproj]
C:\Users\koosh\Dino\src\Tools\PackCompiler\Models\AssetConfig.cs(53,22): warning CS1591: Missing XML comment for publicly visible type or member 'MaterialDefinition.Metallic' [C:\Users\koosh\Dino\src\Tools\PackCompiler\DINOForge.Tools.PackCompiler.csproj]
C:\Users\koosh\Dino\src\Tools\PackCompiler\Models\AssetConfig.cs(59,32): warning CS1591: Missing XML comment for publicly visible type or member 'AssetPhase.Description' [C:\Users\koosh\Dino\src\Tools\PackCompiler\DINOForge.Tools.PackCompiler.csproj]
C:\Users\koosh\Dino\src\Tools\PackCompiler\Models\AssetConfig.cs(60,47): warning CS1591: Missing XML comment for publicly visible type or member 'AssetPhase.Models' [C:\Users\koosh\Dino\src\Tools\PackCompiler\DINOForge.Tools.PackCompiler.csproj]
C:\Users\koosh\Dino\src\Tools\PackCompiler\Models\AssetConfig.cs(66,32): warning CS1591: Missing XML comment for publicly visible type or member 'AssetDefinition.Id' [C:\Users\koosh\Dino\src\Tools\PackCompiler\DINOForge.Tools.PackCompiler.csproj]
C:\Users\koosh\Dino\src\Tools\PackCompiler\Models\AssetConfig.cs(67,32): warning CS1591: Missing XML comment for publicly visible type or member 'AssetDefinition.File' [C:\Users\koosh\Dino\src\Tools\PackCompiler\DINOForge.Tools.PackCompiler.csproj]
C:\Users\koosh\Dino\src\Tools\PackCompiler\Models\AssetConfig.cs(68,32): warning CS1591: Missing XML comment for publicly visible type or member 'AssetDefinition.Type' [C:\Users\koosh\Dino\src\Tools\PackCompiler\DINOForge.Tools.PackCompiler.csproj]
C:\Users\koosh\Dino\src\Tools\PackCompiler\Models\AssetConfig.cs(69,32): warning CS1591: Missing XML comment for publicly visible type or member 'AssetDefinition.Faction' [C:\Users\koosh\Dino\src\Tools\PackCompiler\DINOForge.Tools.PackCompiler.csproj]
C:\Users\koosh\Dino\src\Tools\PackCompiler\Models\AssetConfig.cs(70,29): warning CS1591: Missing XML comment for publicly visible type or member 'AssetDefinition.PolyCountTarget' [C:\Users\koosh\Dino\src\Tools\PackCompiler\DINOForge.Tools.PackCompiler.csproj]
C:\Users\koosh\Dino\src\Tools\PackCompiler\Models\AssetConfig.cs(72,22): warning CS1591: Missing XML comment for publicly visible type or member 'AssetDefinition.Scale' [C:\Users\koosh\Dino\src\Tools\PackCompiler\DINOForge.Tools.PackCompiler.csproj]
C:\Users\koosh\Dino\src\Tools\PackCompiler\Models\AssetConfig.cs(74,39): warning CS1591: Missing XML comment for publicly visible type or member 'AssetDefinition.LOD' [C:\Users\koosh\Dino\src\Tools\PackCompiler\DINOForge.Tools.PackCompiler.csproj]
C:\Users\koosh\Dino\src\Tools\PackCompiler\Models\AssetConfig.cs(75,32): warning CS1591: Missing XML comment for publicly visible type or member 'AssetDefinition.Material' [C:\Users\koosh\Dino\src\Tools\PackCompiler\DINOForge.Tools.PackCompiler.csproj]
C:\Users\koosh\Dino\src\Tools\PackCompiler\Models\AssetConfig.cs(76,32): warning CS1591: Missing XML comment for publicly visible type or member 'AssetDefinition.AddressableKey' [C:\Users\koosh\Dino\src\Tools\PackCompiler\DINOForge.Tools.PackCompiler.csproj]
C:\Users\koosh\Dino\src\Tools\PackCompiler\Models\AssetConfig.cs(77,32): warning CS1591: Missing XML comment for publicly visible type or member 'AssetDefinition.OutputPrefab' [C:\Users\koosh\Dino\src\Tools\PackCompiler\DINOForge.Tools.PackCompiler.csproj]
C:\Users\koosh\Dino\src\Tools\PackCompiler\Models\AssetConfig.cs(79,40): warning CS1591: Missing XML comment for publicly visible type or member 'AssetDefinition.UpdateDefinition' [C:\Users\koosh\Dino\src\Tools\PackCompiler\DINOForge.Tools.PackCompiler.csproj]
C:\Users\koosh\Dino\src\Tools\PackCompiler\Models\AssetConfig.cs(80,44): warning CS1591: Missing XML comment for publicly visible type or member 'AssetDefinition.Metadata' [C:\Users\koosh\Dino\src\Tools\PackCompiler\DINOForge.Tools.PackCompiler.csproj]
C:\Users\koosh\Dino\src\Tools\PackCompiler\Models\AssetConfig.cs(86,21): warning CS1591: Missing XML comment for publicly visible type or member 'LODDefinition.Enabled' [C:\Users\koosh\Dino\src\Tools\PackCompiler\DINOForge.Tools.PackCompiler.csproj]
C:\Users\koosh\Dino\src\Tools\PackCompiler\Models\AssetConfig.cs(87,35): warning CS1591: Missing XML comment for publicly visible type or member 'LODDefinition.Levels' [C:\Users\koosh\Dino\src\Tools\PackCompiler\DINOForge.Tools.PackCompiler.csproj]
C:\Users\koosh\Dino\src\Tools\PackCompiler\Models\AssetConfig.cs(88,27): warning CS1591: Missing XML comment for publicly visible type or member 'LODDefinition.ScreenSizes' [C:\Users\koosh\Dino\src\Tools\PackCompiler\DINOForge.Tools.PackCompiler.csproj]
C:\Users\koosh\Dino\src\Tools\PackCompiler\Models\AssetConfig.cs(94,21): warning CS1591: Missing XML comment for publicly visible type or member 'DefinitionUpdateConfig.Enabled' [C:\Users\koosh\Dino\src\Tools\PackCompiler\DINOForge.Tools.PackCompiler.csproj]
C:\Users\koosh\Dino\src\Tools\PackCompiler\Models\AssetConfig.cs(95,24): warning CS1591: Missing XML comment for publicly visible type or member 'DefinitionUpdateConfig.File' [C:\Users\koosh\Dino\src\Tools\PackCompiler\DINOForge.Tools.PackCompiler.csproj]
C:\Users\koosh\Dino\src\Tools\PackCompiler\Models\AssetConfig.cs(96,24): warning CS1591: Missing XML comment for publicly visible type or member 'DefinitionUpdateConfig.Id' [C:\Users\koosh\Dino\src\Tools\PackCompiler\DINOForge.Tools.PackCompiler.csproj]
C:\Users\koosh\Dino\src\Tools\PackCompiler\Models\AssetConfig.cs(97,24): warning CS1591: Missing XML comment for publicly visible type or member 'DefinitionUpdateConfig.Field' [C:\Users\koosh\Dino\src\Tools\PackCompiler\DINOForge.Tools.PackCompiler.csproj]
C:\Users\koosh\Dino\src\Tools\PackCompiler\Models\AssetConfig.cs(103,32): warning CS1591: Missing XML comment for publicly visible type or member 'BuildConfig.OutputDirectory' [C:\Users\koosh\Dino\src\Tools\PackCompiler\DINOForge.Tools.PackCompiler.csproj]
C:\Users\koosh\Dino\src\Tools\PackCompiler\Models\AssetConfig.cs(104,32): warning CS1591: Missing XML comment for publicly visible type or member 'BuildConfig.AddressablesOutput' [C:\Users\koosh\Dino\src\Tools\PackCompiler\DINOForge.Tools.PackCompiler.csproj]
C:\Users\koosh\Dino\src\Tools\PackCompiler\Models\AssetConfig.cs(105,24): warning CS1591: Missing XML comment for publicly visible type or member 'BuildConfig.LogFile' [C:\Users\koosh\Dino\src\Tools\PackCompiler\DINOForge.Tools.PackCompiler.csproj]
C:\Users\koosh\Dino\src\Tools\PackCompiler\Models\AssetConfig.cs(106,21): warning CS1591: Missing XML comment for publicly visible type or member 'BuildConfig.GenerateHtmlReport' [C:\Users\koosh\Dino\src\Tools\PackCompiler\DINOForge.Tools.PackCompiler.csproj]
C:\Users\koosh\Dino\src\Tools\PackCompiler\Models\AssetConfig.cs(107,36): warning CS1591: Missing XML comment for publicly visible type or member 'BuildConfig.PerformanceTargets' [C:\Users\koosh\Dino\src\Tools\PackCompiler\DINOForge.Tools.PackCompiler.csproj]
C:\Users\koosh\Dino\src\Tools\PackCompiler\Models\AssetConfig.cs(113,20): warning CS1591: Missing XML comment for publicly visible type or member 'PerformanceTargets.ImportTimeSeconds' [C:\Users\koosh\Dino\src\Tools\PackCompiler\DINOForge.Tools.PackCompiler.csproj]
C:\Users\koosh\Dino\src\Tools\PackCompiler\Models\AssetConfig.cs(114,20): warning CS1591: Missing XML comment for publicly visible type or member 'PerformanceTargets.LODGenerationSeconds' [C:\Users\koosh\Dino\src\Tools\PackCompiler\DINOForge.Tools.PackCompiler.csproj]
C:\Users\koosh\Dino\src\Tools\PackCompiler\Models\AssetConfig.cs(115,20): warning CS1591: Missing XML comment for publicly visible type or member 'PerformanceTargets.PrefabGenerationSeconds' [C:\Users\koosh\Dino\src\Tools\PackCompiler\DINOForge.Tools.PackCompiler.csproj]
C:\Users\koosh\Dino\src\Tools\PackCompiler\Models\AssetConfig.cs(116,20): warning CS1591: Missing XML comment for publicly visible type or member 'PerformanceTargets.TotalPipelineSeconds' [C:\Users\koosh\Dino\src\Tools\PackCompiler\DINOForge.Tools.PackCompiler.csproj]
C:\Users\koosh\Dino\src\Tools\PackCompiler\Models\OptimizedAsset.cs(52,20): warning CS1591: Missing XML comment for publicly visible type or member 'LODScreenSize.LOD1Max' [C:\Users\koosh\Dino\src\Tools\PackCompiler\DINOForge.Tools.PackCompiler.csproj]
C:\Users\koosh\Dino\src\Tools\PackCompiler\Models\ProcessingReport.cs(13,32): warning CS1591: Missing XML comment for publicly visible type or member 'ProcessingReport.PackId' [C:\Users\koosh\Dino\src\Tools\PackCompiler\DINOForge.Tools.PackCompiler.csproj]
C:\Users\koosh\Dino\src\Tools\PackCompiler\Models\ProcessingReport.cs(14,32): warning CS1591: Missing XML comment for publicly visible type or member 'ProcessingReport.Phase' [C:\Users\koosh\Dino\src\Tools\PackCompiler\DINOForge.Tools.PackCompiler.csproj]
C:\Users\koosh\Dino\src\Tools\PackCompiler\Models\ProcessingReport.cs(15,34): warning CS1591: Missing XML comment for publicly visible type or member 'ProcessingReport.ExecutionTime' [C:\Users\koosh\Dino\src\Tools\PackCompiler\DINOForge.Tools.PackCompiler.csproj]
C:\Users\koosh\Dino\src\Tools\PackCompiler\Models\ProcessingReport.cs(16,32): warning CS1591: Missing XML comment for publicly visible type or member 'ProcessingReport.DurationSeconds' [C:\Users\koosh\Dino\src\Tools\PackCompiler\DINOForge.Tools.PackCompiler.csproj]
C:\Users\koosh\Dino\src\Tools\PackCompiler\Models\ProcessingReport.cs(18,33): warning CS1591: Missing XML comment for publicly visible type or member 'ProcessingReport.Status' [C:\Users\koosh\Dino\src\Tools\PackCompiler\DINOForge.Tools.PackCompiler.csproj]
C:\Users\koosh\Dino\src\Tools\PackCompiler\Models\ProcessingReport.cs(19,29): warning CS1591: Missing XML comment for publicly visible type or member 'ProcessingReport.Errors' [C:\Users\koosh\Dino\src\Tools\PackCompiler\DINOForge.Tools.PackCompiler.csproj]
C:\Users\koosh\Dino\src\Tools\PackCompiler\Models\ProcessingReport.cs(20,29): warning CS1591: Missing XML comment for publicly visible type or member 'ProcessingReport.Warnings' [C:\Users\koosh\Dino\src\Tools\PackCompiler\DINOForge.Tools.PackCompiler.csproj]
C:\Users\koosh\Dino\src\Tools\PackCompiler\Models\ProcessingReport.cs(22,44): warning CS1591: Missing XML comment for publicly visible type or member 'ProcessingReport.Assets' [C:\Users\koosh\Dino\src\Tools\PackCompiler\DINOForge.Tools.PackCompiler.csproj]
C:\Users\koosh\Dino\src\Tools\PackCompiler\Models\ProcessingReport.cs(23,32): warning CS1591: Missing XML comment for publicly visible type or member 'ProcessingReport.Metrics' [C:\Users\koosh\Dino\src\Tools\PackCompiler\DINOForge.Tools.PackCompiler.csproj]
C:\Users\koosh\Dino\src\Tools\PackCompiler\Models\ProcessingReport.cs(25,21): warning CS1591: Missing XML comment for publicly visible type or member 'ProcessingReport.IsSuccess' [C:\Users\koosh\Dino\src\Tools\PackCompiler\DINOForge.Tools.PackCompiler.csproj]
C:\Users\koosh\Dino\src\Tools\PackCompiler\Models\ProcessingReport.cs(31,9): warning CS1591: Missing XML comment for publicly visible type or member 'ProcessingStatus.Pending' [C:\Users\koosh\Dino\src\Tools\PackCompiler\DINOForge.Tools.PackCompiler.csproj]
C:\Users\koosh\Dino\src\Tools\PackCompiler\Models\ProcessingReport.cs(32,9): warning CS1591: Missing XML comment for publicly visible type or member 'ProcessingStatus.Running' [C:\Users\koosh\Dino\src\Tools\PackCompiler\DINOForge.Tools.PackCompiler.csproj]
C:\Users\koosh\Dino\src\Tools\PackCompiler\Models\ProcessingReport.cs(33,9): warning CS1591: Missing XML comment for publicly visible type or member 'ProcessingStatus.Success' [C:\Users\koosh\Dino\src\Tools\PackCompiler\DINOForge.Tools.PackCompiler.csproj]
C:\Users\koosh\Dino\src\Tools\PackCompiler\Models\ProcessingReport.cs(34,9): warning CS1591: Missing XML comment for publicly visible type or member 'ProcessingStatus.PartialSuccess' [C:\Users\koosh\Dino\src\Tools\PackCompiler\DINOForge.Tools.PackCompiler.csproj]
C:\Users\koosh\Dino\src\Tools\PackCompiler\Models\ProcessingReport.cs(35,9): warning CS1591: Missing XML comment for publicly visible type or member 'ProcessingStatus.Failed' [C:\Users\koosh\Dino\src\Tools\PackCompiler\DINOForge.Tools.PackCompiler.csproj]
C:\Users\koosh\Dino\src\Tools\PackCompiler\Models\ProcessingReport.cs(41,32): warning CS1591: Missing XML comment for publicly visible type or member 'AssetProcessingResult.AssetId' [C:\Users\koosh\Dino\src\Tools\PackCompiler\DINOForge.Tools.PackCompiler.csproj]
C:\Users\koosh\Dino\src\Tools\PackCompiler\Models\ProcessingReport.cs(42,32): warning CS1591: Missing XML comment for publicly visible type or member 'AssetProcessingResult.Stage' [C:\Users\koosh\Dino\src\Tools\PackCompiler\DINOForge.Tools.PackCompiler.csproj]
C:\Users\koosh\Dino\src\Tools\PackCompiler\Models\ProcessingReport.cs(44,21): warning CS1591: Missing XML comment for publicly visible type or member 'AssetProcessingResult.Success' [C:\Users\koosh\Dino\src\Tools\PackCompiler\DINOForge.Tools.PackCompiler.csproj]
C:\Users\koosh\Dino\src\Tools\PackCompiler\Models\ProcessingReport.cs(45,24): warning CS1591: Missing XML comment for publicly visible type or member 'AssetProcessingResult.Error' [C:\Users\koosh\Dino\src\Tools\PackCompiler\DINOForge.Tools.PackCompiler.csproj]
C:\Users\koosh\Dino\src\Tools\PackCompiler\Models\ProcessingReport.cs(47,30): warning CS1591: Missing XML comment for publicly visible type or member 'AssetProcessingResult.Metrics' [C:\Users\koosh\Dino\src\Tools\PackCompiler\DINOForge.Tools.PackCompiler.csproj]
C:\Users\koosh\Dino\src\Tools\PackCompiler\Models\ProcessingReport.cs(48,23): warning CS1591: Missing XML comment for publicly visible type or member 'AssetProcessingResult.DurationSeconds' [C:\Users\koosh\Dino\src\Tools\PackCompiler\DINOForge.Tools.PackCompiler.csproj]
C:\Users\koosh\Dino\src\Tools\PackCompiler\Models\ProcessingReport.cs(54,20): warning CS1591: Missing XML comment for publicly visible type or member 'AssetMetrics.OriginalPolyCount' [C:\Users\koosh\Dino\src\Tools\PackCompiler\DINOForge.Tools.PackCompiler.csproj]
C:\Users\koosh\Dino\src\Tools\PackCompiler\Models\ProcessingReport.cs(55,20): warning CS1591: Missing XML comment for publicly visible type or member 'AssetMetrics.LOD0PolyCount' [C:\Users\koosh\Dino\src\Tools\PackCompiler\DINOForge.Tools.PackCompiler.csproj]
C:\Users\koosh\Dino\src\Tools\PackCompiler\Models\ProcessingReport.cs(56,20): warning CS1591: Missing XML comment for publicly visible type or member 'AssetMetrics.LOD1PolyCount' [C:\Users\koosh\Dino\src\Tools\PackCompiler\DINOForge.Tools.PackCompiler.csproj]
C:\Users\koosh\Dino\src\Tools\PackCompiler\Models\ProcessingReport.cs(57,20): warning CS1591: Missing XML comment for publicly visible type or member 'AssetMetrics.LOD2PolyCount' [C:\Users\koosh\Dino\src\Tools\PackCompiler\DINOForge.Tools.PackCompiler.csproj]
C:\Users\koosh\Dino\src\Tools\PackCompiler\Models\ProcessingReport.cs(59,22): warning CS1591: Missing XML comment for publicly visible type or member 'AssetMetrics.LOD1Percent' [C:\Users\koosh\Dino\src\Tools\PackCompiler\DINOForge.Tools.PackCompiler.csproj]
C:\Users\koosh\Dino\src\Tools\PackCompiler\Models\ProcessingReport.cs(60,22): warning CS1591: Missing XML comment for publicly visible type or member 'AssetMetrics.LOD2Percent' [C:\Users\koosh\Dino\src\Tools\PackCompiler\DINOForge.Tools.PackCompiler.csproj]
C:\Users\koosh\Dino\src\Tools\PackCompiler\Models\ProcessingReport.cs(62,20): warning CS1591: Missing XML comment for publicly visible type or member 'AssetMetrics.VertexCount' [C:\Users\koosh\Dino\src\Tools\PackCompiler\DINOForge.Tools.PackCompiler.csproj]
C:\Users\koosh\Dino\src\Tools\PackCompiler\Models\ProcessingReport.cs(63,20): warning CS1591: Missing XML comment for publicly visible type or member 'AssetMetrics.TextureCount' [C:\Users\koosh\Dino\src\Tools\PackCompiler\DINOForge.Tools.PackCompiler.csproj]
C:\Users\koosh\Dino\src\Tools\PackCompiler\Models\ProcessingReport.cs(64,20): warning CS1591: Missing XML comment for publicly visible type or member 'AssetMetrics.MaterialCount' [C:\Users\koosh\Dino\src\Tools\PackCompiler\DINOForge.Tools.PackCompiler.csproj]
C:\Users\koosh\Dino\src\Tools\PackCompiler\Models\ProcessingReport.cs(66,24): warning CS1591: Missing XML comment for publicly visible type or member 'AssetMetrics.OutputPath' [C:\Users\koosh\Dino\src\Tools\PackCompiler\DINOForge.Tools.PackCompiler.csproj]
C:\Users\koosh\Dino\src\Tools\PackCompiler\Models\ProcessingReport.cs(67,24): warning CS1591: Missing XML comment for publicly visible type or member 'AssetMetrics.AddressableKey' [C:\Users\koosh\Dino\src\Tools\PackCompiler\DINOForge.Tools.PackCompiler.csproj]
C:\Users\koosh\Dino\src\Tools\PackCompiler\Models\ProcessingReport.cs(73,20): warning CS1591: Missing XML comment for publicly visible type or member 'PipelineMetrics.TotalAssets' [C:\Users\koosh\Dino\src\Tools\PackCompiler\DINOForge.Tools.PackCompiler.csproj]
C:\Users\koosh\Dino\src\Tools\PackCompiler\Models\ProcessingReport.cs(74,20): warning CS1591: Missing XML comment for publicly visible type or member 'PipelineMetrics.SuccessfulAssets' [C:\Users\koosh\Dino\src\Tools\PackCompiler\DINOForge.Tools.PackCompiler.csproj]
C:\Users\koosh\Dino\src\Tools\PackCompiler\Models\ProcessingReport.cs(75,20): warning CS1591: Missing XML comment for publicly visible type or member 'PipelineMetrics.FailedAssets' [C:\Users\koosh\Dino\src\Tools\PackCompiler\DINOForge.Tools.PackCompiler.csproj]
C:\Users\koosh\Dino\src\Tools\PackCompiler\Models\ProcessingReport.cs(77,23): warning CS1591: Missing XML comment for publicly visible type or member 'PipelineMetrics.ImportTimeSeconds' [C:\Users\koosh\Dino\src\Tools\PackCompiler\DINOForge.Tools.PackCompiler.csproj]
C:\Users\koosh\Dino\src\Tools\PackCompiler\Models\ProcessingReport.cs(78,23): warning CS1591: Missing XML comment for publicly visible type or member 'PipelineMetrics.ValidateTimeSeconds' [C:\Users\koosh\Dino\src\Tools\PackCompiler\DINOForge.Tools.PackCompiler.csproj]
C:\Users\koosh\Dino\src\Tools\PackCompiler\Models\ProcessingReport.cs(79,23): warning CS1591: Missing XML comment for publicly visible type or member 'PipelineMetrics.OptimizeTimeSeconds' [C:\Users\koosh\Dino\src\Tools\PackCompiler\DINOForge.Tools.PackCompiler.csproj]
C:\Users\koosh\Dino\src\Tools\PackCompiler\Models\ProcessingReport.cs(80,23): warning CS1591: Missing XML comment for publicly visible type or member 'PipelineMetrics.GenerateTimeSeconds' [C:\Users\koosh\Dino\src\Tools\PackCompiler\DINOForge.Tools.PackCompiler.csproj]
C:\Users\koosh\Dino\src\Tools\PackCompiler\Models\ProcessingReport.cs(82,20): warning CS1591: Missing XML comment for publicly visible type or member 'PipelineMetrics.TotalPolysOriginal' [C:\Users\koosh\Dino\src\Tools\PackCompiler\DINOForge.Tools.PackCompiler.csproj]
C:\Users\koosh\Dino\src\Tools\PackCompiler\Models\ProcessingReport.cs(83,20): warning CS1591: Missing XML comment for publicly visible type or member 'PipelineMetrics.TotalPolysLOD0' [C:\Users\koosh\Dino\src\Tools\PackCompiler\DINOForge.Tools.PackCompiler.csproj]
C:\Users\koosh\Dino\src\Tools\PackCompiler\Models\ProcessingReport.cs(84,20): warning CS1591: Missing XML comment for publicly visible type or member 'PipelineMetrics.TotalPolysLOD1' [C:\Users\koosh\Dino\src\Tools\PackCompiler\DINOForge.Tools.PackCompiler.csproj]
C:\Users\koosh\Dino\src\Tools\PackCompiler\Models\ProcessingReport.cs(85,20): warning CS1591: Missing XML comment for publicly visible type or member 'PipelineMetrics.TotalPolysLOD2' [C:\Users\koosh\Dino\src\Tools\PackCompiler\DINOForge.Tools.PackCompiler.csproj]
C:\Users\koosh\Dino\src\Tools\PackCompiler\Models\ProcessingReport.cs(87,22): warning CS1591: Missing XML comment for publicly visible type or member 'PipelineMetrics.SuccessRate' [C:\Users\koosh\Dino\src\Tools\PackCompiler\DINOForge.Tools.PackCompiler.csproj]
C:\Users\koosh\Dino\src\Tools\PackCompiler\Models\ProcessingReport.cs(88,23): warning CS1591: Missing XML comment for publicly visible type or member 'PipelineMetrics.AverageTimePerAsset' [C:\Users\koosh\Dino\src\Tools\PackCompiler\DINOForge.Tools.PackCompiler.csproj]
C:\Users\koosh\Dino\src\Tools\PackCompiler\Services\AssetValidationService.cs(433,21): warning CS1591: Missing XML comment for publicly visible type or member 'ValidationResult.IsValid' [C:\Users\koosh\Dino\src\Tools\PackCompiler\DINOForge.Tools.PackCompiler.csproj]
C:\Users\koosh\Dino\src\Tools\PackCompiler\Services\AssetValidationService.cs(434,29): warning CS1591: Missing XML comment for publicly visible type or member 'ValidationResult.Errors' [C:\Users\koosh\Dino\src\Tools\PackCompiler\DINOForge.Tools.PackCompiler.csproj]
C:\Users\koosh\Dino\src\Tools\PackCompiler\Services\AssetValidationService.cs(435,29): warning CS1591: Missing XML comment for publicly visible type or member 'ValidationResult.Warnings' [C:\Users\koosh\Dino\src\Tools\PackCompiler\DINOForge.Tools.PackCompiler.csproj]
C:\Users\koosh\Dino\src\Tools\PackCompiler\Services\AssetValidationService.cs(436,20): warning CS1591: Missing XML comment for publicly visible type or member 'ValidationResult.ActualPolyCount' [C:\Users\koosh\Dino\src\Tools\PackCompiler\DINOForge.Tools.PackCompiler.csproj]
C:\Users\koosh\Dino\src\Tools\PackCompiler\Services\AssetValidationService.cs(437,20): warning CS1591: Missing XML comment for publicly visible type or member 'ValidationResult.TargetPolyCount' [C:\Users\koosh\Dino\src\Tools\PackCompiler\DINOForge.Tools.PackCompiler.csproj]
C:\Users\koosh\Dino\src\Tools\PackCompiler\Services\AssetValidationService.cs(439,32): warning CS1591: Missing XML comment for publicly visible type or member 'ValidationResult.ToString()' [C:\Users\koosh\Dino\src\Tools\PackCompiler\DINOForge.Tools.PackCompiler.csproj]
C:\Users\koosh\Dino\src\Tools\PackCompiler\Tests\AssetPipelineTests.cs(13,18): warning CS1591: Missing XML comment for publicly visible type or member 'AssetValidationServiceTests' [C:\Users\koosh\Dino\src\Tools\PackCompiler\DINOForge.Tools.PackCompiler.csproj]
C:\Users\koosh\Dino\src\Tools\PackCompiler\Tests\AssetPipelineTests.cs(18,21): warning CS1591: Missing XML comment for publicly visible type or member 'AssetValidationServiceTests.ValidateConfiguration_WithEmptyPhases_ReturnsError()' [C:\Users\koosh\Dino\src\Tools\PackCompiler\DINOForge.Tools.PackCompiler.csproj]
C:\Users\koosh\Dino\src\Tools\PackCompiler\Tests\AssetPipelineTests.cs(41,21): warning CS1591: Missing XML comment for publicly visible type or member 'AssetValidationServiceTests.ValidateConfiguration_WithValidConfig_ReturnsSuccess()' [C:\Users\koosh\Dino\src\Tools\PackCompiler\DINOForge.Tools.PackCompiler.csproj]
C:\Users\koosh\Dino\src\Tools\PackCompiler\Tests\AssetPipelineTests.cs(90,21): warning CS1591: Missing XML comment for publicly visible type or member 'AssetValidationServiceTests.ValidateImportedAsset_WithEmptyMesh_ReturnsError()' [C:\Users\koosh\Dino\src\Tools\PackCompiler\DINOForge.Tools.PackCompiler.csproj]
C:\Users\koosh\Dino\src\Tools\PackCompiler\Tests\AssetPipelineTests.cs(129,21): warning CS1591: Missing XML comment for publicly visible type or member 'AssetValidationServiceTests.ValidateImportedAsset_WithRealisticMesh_ReturnsSuccess()' [C:\Users\koosh\Dino\src\Tools\PackCompiler\DINOForge.Tools.PackCompiler.csproj]
C:\Users\koosh\Dino\src\Tools\PackCompiler\Tests\AssetPipelineTests.cs(176,18): warning CS1591: Missing XML comment for publicly visible type or member 'AssetOptimizationServiceTests' [C:\Users\koosh\Dino\src\Tools\PackCompiler\DINOForge.Tools.PackCompiler.csproj]
C:\Users\koosh\Dino\src\Tools\PackCompiler\Tests\AssetPipelineTests.cs(181,27): warning CS1591: Missing XML comment for publicly visible type or member 'AssetOptimizationServiceTests.OptimizeAsync_WithValidAsset_GeneratesLODVariants()' [C:\Users\koosh\Dino\src\Tools\PackCompiler\DINOForge.Tools.PackCompiler.csproj]
C:\Users\koosh\Dino\src\Tools\PackCompiler\Tests\AssetPipelineTests.cs(234,18): warning CS1591: Missing XML comment for publicly visible type or member 'PrefabGenerationServiceTests' [C:\Users\koosh\Dino\src\Tools\PackCompiler\DINOForge.Tools.PackCompiler.csproj]
C:\Users\koosh\Dino\src\Tools\PackCompiler\Tests\AssetPipelineTests.cs(239,27): warning CS1591: Missing XML comment for publicly visible type or member 'PrefabGenerationServiceTests.GeneratePrefabAsync_CreatesYamlFile()' [C:\Users\koosh\Dino\src\Tools\PackCompiler\DINOForge.Tools.PackCompiler.csproj]
C:\Users\koosh\Dino\src\Tools\PackCompiler\Tests\AssetPipelineTests.cs(292,18): warning CS1591: Missing XML comment for publicly visible type or member 'AddressablesServiceTests' [C:\Users\koosh\Dino\src\Tools\PackCompiler\DINOForge.Tools.PackCompiler.csproj]
C:\Users\koosh\Dino\src\Tools\PackCompiler\Tests\AssetPipelineTests.cs(297,27): warning CS1591: Missing XML comment for publicly visible type or member 'AddressablesServiceTests.GenerateCatalogAsync_CreatesValidCatalog()' [C:\Users\koosh\Dino\src\Tools\PackCompiler\DINOForge.Tools.PackCompiler.csproj]
C:\Users\koosh\Dino\src\Tools\PackCompiler\Tests\YamlDeserializeTest.cs(10,18): warning CS1591: Missing XML comment for publicly visible type or member 'YamlDeserializeTest' [C:\Users\koosh\Dino\src\Tools\PackCompiler\DINOForge.Tools.PackCompiler.csproj]
C:\Users\koosh\Dino\src\Tools\PackCompiler\Tests\YamlDeserializeTest.cs(13,21): warning CS1591: Missing XML comment for publicly visible type or member 'YamlDeserializeTest.DeserializeMinimalYaml()' [C:\Users\koosh\Dino\src\Tools\PackCompiler\DINOForge.Tools.PackCompiler.csproj]
C:\Users\koosh\Dino\src\Tools\PackCompiler\Tests\YamlDeserializeTest.cs(41,21): warning CS1591: Missing XML comment for publicly visible type or member 'YamlDeserializeTest.DeserializeActualFile()' [C:\Users\koosh\Dino\src\Tools\PackCompiler\DINOForge.Tools.PackCompiler.csproj]
]9;4;3;\[?25l[1F
[?25h]9;4;0;\